<?xml version="1.0" encoding="UTF-8"?>
<coverage generated="1626822400192" clover="3.2.0">
  <project timestamp="1626822400192" name="All files">
    <metrics statements="37" coveredstatements="23" conditionals="6" coveredconditionals="4" methods="15" coveredmethods="9" elements="58" coveredelements="36" complexity="0" loc="37" ncloc="37" packages="2" files="4" classes="4"/>
    <package name="Components">
      <metrics statements="36" coveredstatements="22" conditionals="6" coveredconditionals="4" methods="15" coveredmethods="9"/>
      <file name="characterPreView.js" path="C:\Users\Facu\Desktop\Globant\academy-react-native-2021\FacundoAcosta\Components\characterPreView.js">
        <metrics statements="4" coveredstatements="4" conditionals="0" coveredconditionals="0" methods="1" coveredmethods="1"/>
        <line num="11" count="9" type="stmt"/>
        <line num="12" count="9" type="stmt"/>
        <line num="14" count="9" type="stmt"/>
        <line num="32" count="2" type="stmt"/>
      </file>
      <file name="charactersList.js" path="C:\Users\Facu\Desktop\Globant\academy-react-native-2021\FacundoAcosta\Components\charactersList.js">
        <metrics statements="16" coveredstatements="16" conditionals="4" coveredconditionals="4" methods="8" coveredmethods="8"/>
        <line num="9" count="12" type="stmt"/>
        <line num="11" count="12" type="stmt"/>
        <line num="13" count="12" type="stmt"/>
        <line num="14" count="2" type="cond" truecount="2" falsecount="0"/>
        <line num="17" count="12" type="stmt"/>
        <line num="18" count="24" type="stmt"/>
        <line num="20" count="12" type="stmt"/>
        <line num="21" count="22" type="cond" truecount="2" falsecount="0"/>
        <line num="22" count="8" type="stmt"/>
        <line num="26" count="2" type="stmt"/>
        <line num="33" count="14" type="stmt"/>
        <line num="40" count="12" type="stmt"/>
        <line num="41" count="34" type="stmt"/>
        <line num="45" count="12" type="stmt"/>
        <line num="53" count="22" type="stmt"/>
        <line num="61" count="1" type="stmt"/>
      </file>
      <file name="rick&mortyContext.js" path="C:\Users\Facu\Desktop\Globant\academy-react-native-2021\FacundoAcosta\Components\rick&mortyContext.js">
        <metrics statements="16" coveredstatements="2" conditionals="2" coveredconditionals="0" methods="6" coveredmethods="0"/>
        <line num="6" count="1" type="stmt"/>
        <line num="10" count="1" type="stmt"/>
        <line num="13" count="0" type="stmt"/>
        <line num="14" count="0" type="stmt"/>
        <line num="15" count="0" type="stmt"/>
        <line num="16" count="0" type="stmt"/>
        <line num="17" count="0" type="stmt"/>
        <line num="20" count="0" type="stmt"/>
        <line num="23" count="0" type="stmt"/>
        <line num="24" count="0" type="stmt"/>
        <line num="25" count="0" type="stmt"/>
        <line num="27" count="0" type="stmt"/>
        <line num="28" count="0" type="cond" truecount="0" falsecount="2"/>
        <line num="31" count="0" type="stmt"/>
        <line num="32" count="0" type="stmt"/>
        <line num="37" count="0" type="stmt"/>
      </file>
    </package>
    <package name="mocks">
      <metrics statements="1" coveredstatements="1" conditionals="0" coveredconditionals="0" methods="0" coveredmethods="0"/>
      <file name="contextMock.js" path="C:\Users\Facu\Desktop\Globant\academy-react-native-2021\FacundoAcosta\mocks\contextMock.js">
        <metrics statements="1" coveredstatements="1" conditionals="0" coveredconditionals="0" methods="0" coveredmethods="0"/>
        <line num="3" count="1" type="stmt"/>
      </file>
    </package>
  </project>
</coverage>
