{"C:\\Users\\Facu\\Desktop\\Globant\\academy-react-native-2021\\FacundoAcosta\\Components\\characterPreView.js": {"path":"C:\\Users\\Facu\\Desktop\\Globant\\academy-react-native-2021\\FacundoAcosta\\Components\\characterPreView.js","statementMap":{"0":{"start":{"line":11,"column":19},"end":{"line":11,"column":68}},"1":{"start":{"line":12,"column":30},"end":{"line":12,"column":64}},"2":{"start":{"line":14,"column":4},"end":{"line":29,"column":6}},"3":{"start":{"line":32,"column":15},"end":{"line":69,"column":2}}},"fnMap":{"0":{"name":"CharacterPreView","decl":{"start":{"line":10,"column":9},"end":{"line":10,"column":25}},"loc":{"start":{"line":10,"column":41},"end":{"line":30,"column":1}},"line":10}},"branchMap":{},"s":{"0":12,"1":12,"2":12,"3":2},"f":{"0":12},"b":{},"_coverageSchema":"1a1c01bbd47fc00a2c39e90264f33305004495a9","hash":"24ceca887721277c96fbece12fa62c6fb2a93583"}
,"C:\\Users\\Facu\\Desktop\\Globant\\academy-react-native-2021\\FacundoAcosta\\Components\\charactersList.js": {"path":"C:\\Users\\Facu\\Desktop\\Globant\\academy-react-native-2021\\FacundoAcosta\\Components\\charactersList.js","statementMap":{"0":{"start":{"line":9,"column":57},"end":{"line":9,"column":86}},"1":{"start":{"line":11,"column":23},"end":{"line":11,"column":38}},"2":{"start":{"line":13,"column":30},"end":{"line":15,"column":5}},"3":{"start":{"line":14,"column":8},"end":{"line":14,"column":54}},"4":{"start":{"line":14,"column":26},"end":{"line":14,"column":54}},"5":{"start":{"line":17,"column":25},"end":{"line":19,"column":5}},"6":{"start":{"line":18,"column":8},"end":{"line":18,"column":127}},"7":{"start":{"line":18,"column":52},"end":{"line":18,"column":124}},"8":{"start":{"line":20,"column":28},"end":{"line":38,"column":5}},"9":{"start":{"line":21,"column":8},"end":{"line":36,"column":9}},"10":{"start":{"line":22,"column":12},"end":{"line":31,"column":14}},"11":{"start":{"line":26,"column":34},"end":{"line":26,"column":79}},"12":{"start":{"line":33,"column":12},"end":{"line":35,"column":14}},"13":{"start":{"line":40,"column":26},"end":{"line":44,"column":5}},"14":{"start":{"line":41,"column":8},"end":{"line":43,"column":9}},"15":{"start":{"line":45,"column":4},"end":{"line":58,"column":5}},"16":{"start":{"line":53,"column":43},"end":{"line":53,"column":55}},"17":{"start":{"line":61,"column":15},"end":{"line":67,"column":2}}},"fnMap":{"0":{"name":"CharacterList","decl":{"start":{"line":7,"column":9},"end":{"line":7,"column":22}},"loc":{"start":{"line":7,"column":25},"end":{"line":59,"column":1}},"line":7},"1":{"name":"(anonymous_1)","decl":{"start":{"line":13,"column":30},"end":{"line":13,"column":31}},"loc":{"start":{"line":13,"column":36},"end":{"line":15,"column":5}},"line":13},"2":{"name":"(anonymous_2)","decl":{"start":{"line":17,"column":25},"end":{"line":17,"column":26}},"loc":{"start":{"line":17,"column":31},"end":{"line":19,"column":5}},"line":17},"3":{"name":"(anonymous_3)","decl":{"start":{"line":18,"column":38},"end":{"line":18,"column":39}},"loc":{"start":{"line":18,"column":52},"end":{"line":18,"column":124}},"line":18},"4":{"name":"(anonymous_4)","decl":{"start":{"line":20,"column":28},"end":{"line":20,"column":29}},"loc":{"start":{"line":20,"column":40},"end":{"line":38,"column":5}},"line":20},"5":{"name":"(anonymous_5)","decl":{"start":{"line":26,"column":29},"end":{"line":26,"column":30}},"loc":{"start":{"line":26,"column":34},"end":{"line":26,"column":79}},"line":26},"6":{"name":"(anonymous_6)","decl":{"start":{"line":40,"column":26},"end":{"line":40,"column":27}},"loc":{"start":{"line":40,"column":32},"end":{"line":44,"column":5}},"line":40},"7":{"name":"(anonymous_7)","decl":{"start":{"line":53,"column":30},"end":{"line":53,"column":31}},"loc":{"start":{"line":53,"column":43},"end":{"line":53,"column":55}},"line":53}},"branchMap":{"0":{"loc":{"start":{"line":14,"column":8},"end":{"line":14,"column":54}},"type":"if","locations":[{"start":{"line":14,"column":8},"end":{"line":14,"column":54}},{"start":{"line":14,"column":8},"end":{"line":14,"column":54}}],"line":14},"1":{"loc":{"start":{"line":21,"column":8},"end":{"line":36,"column":9}},"type":"if","locations":[{"start":{"line":21,"column":8},"end":{"line":36,"column":9}},{"start":{"line":21,"column":8},"end":{"line":36,"column":9}}],"line":21}},"s":{"0":12,"1":12,"2":12,"3":2,"4":1,"5":12,"6":12,"7":24,"8":12,"9":22,"10":8,"11":2,"12":14,"13":12,"14":34,"15":12,"16":22,"17":1},"f":{"0":12,"1":2,"2":12,"3":24,"4":22,"5":2,"6":34,"7":22},"b":{"0":[1,1],"1":[8,14]},"_coverageSchema":"1a1c01bbd47fc00a2c39e90264f33305004495a9","hash":"e52faf346e2130b958b65d3a817728c856052e02"}
,"C:\\Users\\Facu\\Desktop\\Globant\\academy-react-native-2021\\FacundoAcosta\\Components\\rick&mortyContext.js": {"path":"C:\\Users\\Facu\\Desktop\\Globant\\academy-react-native-2021\\FacundoAcosta\\Components\\rick&mortyContext.js","statementMap":{"0":{"start":{"line":6,"column":33},"end":{"line":6,"column":48}},"1":{"start":{"line":10,"column":34},"end":{"line":48,"column":1}},"2":{"start":{"line":13,"column":40},"end":{"line":13,"column":52}},"3":{"start":{"line":14,"column":34},"end":{"line":14,"column":48}},"4":{"start":{"line":15,"column":28},"end":{"line":15,"column":39}},"5":{"start":{"line":16,"column":32},"end":{"line":16,"column":53}},"6":{"start":{"line":17,"column":30},"end":{"line":17,"column":42}},"7":{"start":{"line":20,"column":23},"end":{"line":20,"column":38}},"8":{"start":{"line":23,"column":4},"end":{"line":34,"column":23}},"9":{"start":{"line":24,"column":8},"end":{"line":33,"column":14}},"10":{"start":{"line":25,"column":25},"end":{"line":25,"column":35}},"11":{"start":{"line":27,"column":16},"end":{"line":27,"column":86}},"12":{"start":{"line":27,"column":48},"end":{"line":27,"column":84}},"13":{"start":{"line":28,"column":16},"end":{"line":28,"column":62}},"14":{"start":{"line":28,"column":44},"end":{"line":28,"column":62}},"15":{"start":{"line":31,"column":16},"end":{"line":31,"column":37}},"16":{"start":{"line":32,"column":16},"end":{"line":32,"column":49}},"17":{"start":{"line":37,"column":4},"end":{"line":47,"column":5}}},"fnMap":{"0":{"name":"(anonymous_0)","decl":{"start":{"line":10,"column":34},"end":{"line":10,"column":35}},"loc":{"start":{"line":10,"column":45},"end":{"line":48,"column":1}},"line":10},"1":{"name":"(anonymous_1)","decl":{"start":{"line":23,"column":14},"end":{"line":23,"column":15}},"loc":{"start":{"line":23,"column":20},"end":{"line":34,"column":5}},"line":23},"2":{"name":"(anonymous_2)","decl":{"start":{"line":25,"column":18},"end":{"line":25,"column":19}},"loc":{"start":{"line":25,"column":25},"end":{"line":25,"column":35}},"line":25},"3":{"name":"(anonymous_3)","decl":{"start":{"line":26,"column":18},"end":{"line":26,"column":19}},"loc":{"start":{"line":26,"column":26},"end":{"line":29,"column":13}},"line":26},"4":{"name":"(anonymous_4)","decl":{"start":{"line":27,"column":30},"end":{"line":27,"column":31}},"loc":{"start":{"line":27,"column":48},"end":{"line":27,"column":84}},"line":27},"5":{"name":"(anonymous_5)","decl":{"start":{"line":30,"column":19},"end":{"line":30,"column":20}},"loc":{"start":{"line":30,"column":28},"end":{"line":33,"column":13}},"line":30}},"branchMap":{"0":{"loc":{"start":{"line":28,"column":16},"end":{"line":28,"column":62}},"type":"if","locations":[{"start":{"line":28,"column":16},"end":{"line":28,"column":62}},{"start":{"line":28,"column":16},"end":{"line":28,"column":62}}],"line":28}},"s":{"0":2,"1":2,"2":0,"3":0,"4":0,"5":0,"6":0,"7":0,"8":0,"9":0,"10":0,"11":0,"12":0,"13":0,"14":0,"15":0,"16":0,"17":0},"f":{"0":0,"1":0,"2":0,"3":0,"4":0,"5":0},"b":{"0":[0,0]},"_coverageSchema":"1a1c01bbd47fc00a2c39e90264f33305004495a9","hash":"6c341ef55d7cc38937c2c06554552f455a8e98fb"}
,"C:\\Users\\Facu\\Desktop\\Globant\\academy-react-native-2021\\FacundoAcosta\\Components\\searchBar.js": {"path":"C:\\Users\\Facu\\Desktop\\Globant\\academy-react-native-2021\\FacundoAcosta\\Components\\searchBar.js","statementMap":{"0":{"start":{"line":9,"column":53},"end":{"line":9,"column":82}},"1":{"start":{"line":11,"column":4},"end":{"line":39,"column":5}},"2":{"start":{"line":18,"column":43},"end":{"line":18,"column":68}},"3":{"start":{"line":28,"column":20},"end":{"line":28,"column":53}},"4":{"start":{"line":29,"column":20},"end":{"line":29,"column":43}},"5":{"start":{"line":30,"column":20},"end":{"line":30,"column":36}},"6":{"start":{"line":43,"column":15},"end":{"line":65,"column":2}}},"fnMap":{"0":{"name":"SearchBar","decl":{"start":{"line":8,"column":9},"end":{"line":8,"column":18}},"loc":{"start":{"line":8,"column":21},"end":{"line":41,"column":1}},"line":8},"1":{"name":"(anonymous_1)","decl":{"start":{"line":18,"column":34},"end":{"line":18,"column":35}},"loc":{"start":{"line":18,"column":43},"end":{"line":18,"column":68}},"line":18},"2":{"name":"(anonymous_2)","decl":{"start":{"line":27,"column":31},"end":{"line":27,"column":32}},"loc":{"start":{"line":27,"column":46},"end":{"line":31,"column":17}},"line":27}},"branchMap":{},"s":{"0":2,"1":2,"2":1,"3":0,"4":0,"5":0,"6":1},"f":{"0":2,"1":1,"2":0},"b":{},"_coverageSchema":"1a1c01bbd47fc00a2c39e90264f33305004495a9","hash":"3a922ad11b83dfd13d206ee37bebd664ff80ab54"}
,"C:\\Users\\Facu\\Desktop\\Globant\\academy-react-native-2021\\FacundoAcosta\\mocks\\contextMock.js": {"path":"C:\\Users\\Facu\\Desktop\\Globant\\academy-react-native-2021\\FacundoAcosta\\mocks\\contextMock.js","statementMap":{"0":{"start":{"line":3,"column":20},"end":{"line":69,"column":1}}},"fnMap":{},"branchMap":{},"s":{"0":2},"f":{},"b":{},"_coverageSchema":"1a1c01bbd47fc00a2c39e90264f33305004495a9","hash":"814a54cf9c9d84173c13e3a6e8cd570146557fa6"}
}
