{"C:\\Users\\Facu\\Desktop\\Globant\\academy-react-native-2021\\FacundoAcosta\\Components\\characterPreView.js": {"path":"C:\\Users\\Facu\\Desktop\\Globant\\academy-react-native-2021\\FacundoAcosta\\Components\\characterPreView.js","statementMap":{"0":{"start":{"line":11,"column":4},"end":{"line":26,"column":6}},"1":{"start":{"line":29,"column":15},"end":{"line":59,"column":2}}},"fnMap":{"0":{"name":"CharacterPreView","decl":{"start":{"line":10,"column":9},"end":{"line":10,"column":25}},"loc":{"start":{"line":10,"column":41},"end":{"line":27,"column":1}},"line":10}},"branchMap":{},"s":{"0":3,"1":2},"f":{"0":3},"b":{},"_coverageSchema":"1a1c01bbd47fc00a2c39e90264f33305004495a9","hash":"e339bbea2c5afaef51a1d467916c036ce838513b"}
,"C:\\Users\\Facu\\Desktop\\Globant\\academy-react-native-2021\\FacundoAcosta\\Components\\charactersList.js": {"path":"C:\\Users\\Facu\\Desktop\\Globant\\academy-react-native-2021\\FacundoAcosta\\Components\\charactersList.js","statementMap":{"0":{"start":{"line":9,"column":23},"end":{"line":9,"column":55}},"1":{"start":{"line":11,"column":23},"end":{"line":11,"column":38}},"2":{"start":{"line":13,"column":28},"end":{"line":22,"column":5}},"3":{"start":{"line":14,"column":8},"end":{"line":21,"column":29}},"4":{"start":{"line":18,"column":26},"end":{"line":18,"column":71}},"5":{"start":{"line":24,"column":26},"end":{"line":28,"column":5}},"6":{"start":{"line":25,"column":8},"end":{"line":27,"column":9}},"7":{"start":{"line":29,"column":4},"end":{"line":41,"column":5}},"8":{"start":{"line":37,"column":43},"end":{"line":37,"column":55}}},"fnMap":{"0":{"name":"CharacterList","decl":{"start":{"line":7,"column":9},"end":{"line":7,"column":22}},"loc":{"start":{"line":7,"column":25},"end":{"line":42,"column":1}},"line":7},"1":{"name":"(anonymous_1)","decl":{"start":{"line":13,"column":28},"end":{"line":13,"column":29}},"loc":{"start":{"line":14,"column":8},"end":{"line":21,"column":29}},"line":14},"2":{"name":"(anonymous_2)","decl":{"start":{"line":18,"column":21},"end":{"line":18,"column":22}},"loc":{"start":{"line":18,"column":26},"end":{"line":18,"column":71}},"line":18},"3":{"name":"(anonymous_3)","decl":{"start":{"line":24,"column":26},"end":{"line":24,"column":27}},"loc":{"start":{"line":24,"column":32},"end":{"line":28,"column":5}},"line":24},"4":{"name":"(anonymous_4)","decl":{"start":{"line":37,"column":30},"end":{"line":37,"column":31}},"loc":{"start":{"line":37,"column":43},"end":{"line":37,"column":55}},"line":37}},"branchMap":{},"s":{"0":1,"1":1,"2":1,"3":2,"4":0,"5":1,"6":3,"7":1,"8":2},"f":{"0":1,"1":2,"2":0,"3":3,"4":2},"b":{},"_coverageSchema":"1a1c01bbd47fc00a2c39e90264f33305004495a9","hash":"a234f26a0e68ba1ff723edf5bbaa1d9dece8ae46"}
,"C:\\Users\\Facu\\Desktop\\Globant\\academy-react-native-2021\\FacundoAcosta\\Components\\rick&mortyContext.js": {"path":"C:\\Users\\Facu\\Desktop\\Globant\\academy-react-native-2021\\FacundoAcosta\\Components\\rick&mortyContext.js","statementMap":{"0":{"start":{"line":6,"column":33},"end":{"line":6,"column":48}},"1":{"start":{"line":10,"column":34},"end":{"line":35,"column":1}},"2":{"start":{"line":13,"column":40},"end":{"line":13,"column":52}},"3":{"start":{"line":16,"column":23},"end":{"line":16,"column":38}},"4":{"start":{"line":19,"column":4},"end":{"line":27,"column":10}},"5":{"start":{"line":20,"column":8},"end":{"line":26,"column":14}},"6":{"start":{"line":21,"column":25},"end":{"line":21,"column":35}},"7":{"start":{"line":22,"column":26},"end":{"line":22,"column":53}},"8":{"start":{"line":24,"column":16},"end":{"line":24,"column":37}},"9":{"start":{"line":25,"column":16},"end":{"line":25,"column":48}},"10":{"start":{"line":30,"column":4},"end":{"line":34,"column":5}}},"fnMap":{"0":{"name":"(anonymous_0)","decl":{"start":{"line":10,"column":34},"end":{"line":10,"column":35}},"loc":{"start":{"line":10,"column":45},"end":{"line":35,"column":1}},"line":10},"1":{"name":"(anonymous_1)","decl":{"start":{"line":19,"column":14},"end":{"line":19,"column":15}},"loc":{"start":{"line":19,"column":20},"end":{"line":27,"column":5}},"line":19},"2":{"name":"(anonymous_2)","decl":{"start":{"line":21,"column":18},"end":{"line":21,"column":19}},"loc":{"start":{"line":21,"column":25},"end":{"line":21,"column":35}},"line":21},"3":{"name":"(anonymous_3)","decl":{"start":{"line":22,"column":18},"end":{"line":22,"column":19}},"loc":{"start":{"line":22,"column":26},"end":{"line":22,"column":53}},"line":22},"4":{"name":"(anonymous_4)","decl":{"start":{"line":23,"column":19},"end":{"line":23,"column":20}},"loc":{"start":{"line":23,"column":28},"end":{"line":26,"column":13}},"line":23}},"branchMap":{},"s":{"0":1,"1":1,"2":0,"3":0,"4":0,"5":0,"6":0,"7":0,"8":0,"9":0,"10":0},"f":{"0":0,"1":0,"2":0,"3":0,"4":0},"b":{},"_coverageSchema":"1a1c01bbd47fc00a2c39e90264f33305004495a9","hash":"b2e5138e00c83b89b5044fd21f9652ad91f3adfc"}
}
