TN:
SF:Components\characterPreView.js
FN:10,CharacterPreView
FNF:1
FNH:1
FNDA:9,CharacterPreView
DA:11,9
DA:12,9
DA:14,9
DA:32,2
LF:4
LH:4
BRF:0
BRH:0
end_of_record
TN:
SF:Components\charactersList.js
FN:7,CharacterList
FN:13,(anonymous_1)
FN:17,(anonymous_2)
FN:18,(anonymous_3)
FN:20,(anonymous_4)
FN:26,(anonymous_5)
FN:40,(anonymous_6)
FN:53,(anonymous_7)
FNF:8
FNH:8
FNDA:12,CharacterList
FNDA:2,(anonymous_1)
FNDA:12,(anonymous_2)
FNDA:24,(anonymous_3)
FNDA:22,(anonymous_4)
FNDA:2,(anonymous_5)
FNDA:34,(anonymous_6)
FNDA:22,(anonymous_7)
DA:9,12
DA:11,12
DA:13,12
DA:14,2
DA:17,12
DA:18,24
DA:20,12
DA:21,22
DA:22,8
DA:26,2
DA:33,14
DA:40,12
DA:41,34
DA:45,12
DA:53,22
DA:61,1
LF:16
LH:16
BRDA:14,0,0,1
BRDA:14,0,1,1
BRDA:21,1,0,8
BRDA:21,1,1,14
BRF:4
BRH:4
end_of_record
TN:
SF:Components\rick&mortyContext.js
FN:10,(anonymous_0)
FN:23,(anonymous_1)
FN:25,(anonymous_2)
FN:26,(anonymous_3)
FN:27,(anonymous_4)
FN:30,(anonymous_5)
FNF:6
FNH:0
FNDA:0,(anonymous_0)
FNDA:0,(anonymous_1)
FNDA:0,(anonymous_2)
FNDA:0,(anonymous_3)
FNDA:0,(anonymous_4)
FNDA:0,(anonymous_5)
DA:6,1
DA:10,1
DA:13,0
DA:14,0
DA:15,0
DA:16,0
DA:17,0
DA:20,0
DA:23,0
DA:24,0
DA:25,0
DA:27,0
DA:28,0
DA:31,0
DA:32,0
DA:37,0
LF:16
LH:2
BRDA:28,0,0,0
BRDA:28,0,1,0
BRF:2
BRH:0
end_of_record
TN:
SF:mocks\contextMock.js
FNF:0
FNH:0
DA:3,1
LF:1
LH:1
BRF:0
BRH:0
end_of_record
