TN:
SF:App.js
FN:25,home
FN:34,StackHomeNav
FN:49,(anonymous_2)
FN:54,(anonymous_3)
FN:63,(anonymous_4)
FN:96,App
FN:100,(anonymous_6)
FNF:7
FNH:5
FNDA:2,home
FNDA:2,StackHomeNav
FNDA:4,(anonymous_2)
FNDA:0,(anonymous_3)
FNDA:0,(anonymous_4)
FNDA:2,App
FNDA:2,(anonymous_6)
DA:21,1
DA:23,1
DA:26,2
DA:36,2
DA:50,4
DA:54,0
DA:63,0
DA:98,2
DA:100,2
DA:108,1
LF:10
LH:8
BRF:0
BRH:0
end_of_record
TN:
SF:Components\characterDetails.js
FN:4,CharacterDetails
FNF:1
FNH:1
FNDA:2,CharacterDetails
DA:6,2
DA:32,2
LF:2
LH:2
BRF:0
BRH:0
end_of_record
TN:
SF:Components\characterPreView.js
FN:10,CharacterPreView
FNF:1
FNH:1
FNDA:16,CharacterPreView
DA:11,16
DA:12,16
DA:14,16
DA:32,3
LF:4
LH:4
BRF:0
BRH:0
end_of_record
TN:
SF:Components\charactersList.js
FN:7,CharacterList
FN:13,(anonymous_1)
FN:17,(anonymous_2)
FN:18,(anonymous_3)
FN:20,(anonymous_4)
FN:26,(anonymous_5)
FN:40,(anonymous_6)
FN:53,(anonymous_7)
FNF:8
FNH:8
FNDA:16,CharacterList
FNDA:2,(anonymous_1)
FNDA:16,(anonymous_2)
FNDA:28,(anonymous_3)
FNDA:26,(anonymous_4)
FNDA:2,(anonymous_5)
FNDA:44,(anonymous_6)
FNDA:32,(anonymous_7)
DA:9,16
DA:11,16
DA:13,16
DA:14,2
DA:17,16
DA:18,28
DA:20,16
DA:21,26
DA:22,12
DA:26,2
DA:33,14
DA:40,16
DA:41,44
DA:45,16
DA:53,32
DA:61,2
LF:16
LH:16
BRDA:14,0,0,1
BRDA:14,0,1,1
BRDA:21,1,0,12
BRDA:21,1,1,14
BRF:4
BRH:4
end_of_record
TN:
SF:Components\commonList.js
FN:4,CommonList
FN:10,(anonymous_1)
FN:12,(anonymous_2)
FN:13,(anonymous_3)
FN:14,(anonymous_4)
FN:17,(anonymous_5)
FN:23,(anonymous_6)
FN:24,(anonymous_7)
FN:27,(anonymous_8)
FN:31,(anonymous_9)
FN:36,(anonymous_10)
FN:51,(anonymous_11)
FNF:12
FNH:0
FNDA:0,CommonList
FNDA:0,(anonymous_1)
FNDA:0,(anonymous_2)
FNDA:0,(anonymous_3)
FNDA:0,(anonymous_4)
FNDA:0,(anonymous_5)
FNDA:0,(anonymous_6)
FNDA:0,(anonymous_7)
FNDA:0,(anonymous_8)
FNDA:0,(anonymous_9)
FNDA:0,(anonymous_10)
FNDA:0,(anonymous_11)
DA:6,0
DA:7,0
DA:8,0
DA:10,0
DA:11,0
DA:12,0
DA:14,0
DA:15,0
DA:18,0
DA:19,0
DA:23,0
DA:24,0
DA:27,0
DA:28,0
DA:31,0
DA:32,0
DA:36,0
DA:37,0
DA:42,0
DA:51,0
DA:57,1
LF:21
LH:1
BRDA:15,0,0,0
BRDA:15,0,1,0
BRDA:24,1,0,0
BRDA:24,1,1,0
BRF:4
BRH:0
end_of_record
TN:
SF:Components\drawerContent.js
FN:8,DrawerContent
FN:24,(anonymous_1)
FN:28,(anonymous_2)
FN:32,(anonymous_3)
FN:44,(anonymous_4)
FNF:5
FNH:5
FNDA:5,DrawerContent
FNDA:5,(anonymous_1)
FNDA:1,(anonymous_2)
FNDA:1,(anonymous_3)
FNDA:1,(anonymous_4)
DA:6,2
DA:9,5
DA:25,5
DA:28,1
DA:33,1
DA:45,1
LF:6
LH:6
BRF:0
BRH:0
end_of_record
TN:
SF:Components\errorPage.js
FN:4,ErrorPage
FNF:1
FNH:1
FNDA:1,ErrorPage
DA:5,1
LF:1
LH:1
BRF:0
BRH:0
end_of_record
TN:
SF:Components\rick&mortyContext.js
FN:10,(anonymous_0)
FN:23,(anonymous_1)
FN:25,(anonymous_2)
FN:26,(anonymous_3)
FN:27,(anonymous_4)
FN:30,(anonymous_5)
FNF:6
FNH:6
FNDA:4,(anonymous_0)
FNDA:2,(anonymous_1)
FNDA:1,(anonymous_2)
FNDA:1,(anonymous_3)
FNDA:1,(anonymous_4)
FNDA:1,(anonymous_5)
DA:6,3
DA:10,3
DA:13,4
DA:14,4
DA:15,4
DA:16,4
DA:17,4
DA:20,4
DA:23,4
DA:24,2
DA:25,1
DA:27,1
DA:28,1
DA:31,1
DA:36,4
LF:15
LH:15
BRDA:28,0,0,1
BRDA:28,0,1,0
BRF:2
BRH:1
end_of_record
TN:
SF:Components\searchBar.js
FN:8,SearchBar
FN:18,(anonymous_1)
FN:27,(anonymous_2)
FNF:3
FNH:3
FNDA:7,SearchBar
FNDA:1,(anonymous_1)
FNDA:3,(anonymous_2)
DA:9,7
DA:11,7
DA:18,1
DA:28,3
DA:29,3
DA:30,3
DA:42,2
LF:7
LH:7
BRF:0
BRH:0
end_of_record
TN:
SF:mocks\contextMock.js
FNF:0
FNH:0
DA:3,4
LF:1
LH:1
BRF:0
BRH:0
end_of_record
